build/outputs/apk/manifest-merger-armv7-debug-report.txt
-- Merging decision tree log ---
manifest
ADDED from AndroidManifest.xml:2:1
	android:hardwareAccelerated
		ADDED from AndroidManifest.xml:2:11
	xmlns:android
		ADDED from AndroidManifest.xml:2:128
	package
		ADDED from AndroidManifest.xml:2:98
	android:versionName
		ADDED from AndroidManifest.xml:2:70
	android:versionCode
		ADDED from AndroidManifest.xml:2:46
		INJECTED from AndroidManifest.xml:0:0
		INJECTED from AndroidManifest.xml:0:0
supports-screens
ADDED from AndroidManifest.xml:3:5
	android:resizeable
		ADDED from AndroidManifest.xml:3:106
	android:largeScreens
		ADDED from AndroidManifest.xml:3:49
	android:anyDensity
		ADDED from AndroidManifest.xml:3:23
	android:normalScreens
		ADDED from AndroidManifest.xml:3:77
	android:xlargeScreens
		ADDED from AndroidManifest.xml:3:160
	android:smallScreens
		ADDED from AndroidManifest.xml:3:132
uses-permission#android.permission.INTERNET
ADDED from AndroidManifest.xml:4:5
	android:name
		ADDED from AndroidManifest.xml:4:22
uses-permission#android.permission.ACCESS_NETWORK_STATE
ADDED from AndroidManifest.xml:5:5
	android:name
		ADDED from AndroidManifest.xml:5:22
uses-permission#android.permission.ACCESS_WIFI_STATE
ADDED from AndroidManifest.xml:6:5
	android:name
		ADDED from AndroidManifest.xml:6:22
uses-permission#android.permission.ACCESS_FINE_LOCATION
ADDED from AndroidManifest.xml:7:5
	android:name
		ADDED from AndroidManifest.xml:7:22
uses-permission#android.permission.CAMERA
ADDED from AndroidManifest.xml:10:5
	android:name
		ADDED from AndroidManifest.xml:10:22
uses-permission#android.permission.MODIFY_AUDIO_SETTINGS
ADDED from AndroidManifest.xml:11:5
	android:name
		ADDED from AndroidManifest.xml:11:22
uses-permission#android.permission.RECORD_AUDIO
ADDED from AndroidManifest.xml:12:5
	android:name
		ADDED from AndroidManifest.xml:12:22
uses-permission#android.permission.WAKE_LOCK
ADDED from AndroidManifest.xml:13:5
	android:name
		ADDED from AndroidManifest.xml:13:22
uses-permission#android.permission.WRITE_EXTERNAL_STORAGE
ADDED from AndroidManifest.xml:14:5
	android:name
		ADDED from AndroidManifest.xml:14:22
application
ADDED from AndroidManifest.xml:15:5
	android:supportsRtl
		ADDED from AndroidManifest.xml:15:116
	android:label
		ADDED from AndroidManifest.xml:15:83
	android:icon
		ADDED from AndroidManifest.xml:15:53
	android:hardwareAccelerated
		ADDED from AndroidManifest.xml:15:18
activity#com.BBasic.workshop.MainActivity
ADDED from AndroidManifest.xml:16:9
	android:windowSoftInputMode
		ADDED from AndroidManifest.xml:16:248
	android:label
		ADDED from AndroidManifest.xml:16:97
	android:configChanges
		ADDED from AndroidManifest.xml:16:19
	android:theme
		ADDED from AndroidManifest.xml:16:194
	android:name
		ADDED from AndroidManifest.xml:16:166
	android:launchMode
		ADDED from AndroidManifest.xml:16:135
intent-filter#android.intent.action.MAIN+android.intent.category.LAUNCHER
ADDED from AndroidManifest.xml:17:13
	android:label
		ADDED from AndroidManifest.xml:17:28
action#android.intent.action.MAIN
ADDED from AndroidManifest.xml:18:17
	android:name
		ADDED from AndroidManifest.xml:18:25
category#android.intent.category.LAUNCHER
ADDED from AndroidManifest.xml:19:17
	android:name
		ADDED from AndroidManifest.xml:19:27
uses-sdk
ADDED from AndroidManifest.xml:23:5
MERGED from org.xwalk:xwalk_core_library_beta:11.40.277.7:6:5
MERGED from android:CordovaLib:unspecified:debug:25:5
	android:targetSdkVersion
		ADDED from AndroidManifest.xml:23:42
	android:minSdkVersion
		ADDED from AndroidManifest.xml:23:15
		INJECTED from AndroidManifest.xml:0:0
		INJECTED from AndroidManifest.xml:0:0